<?xml version="1.0" encoding="UTF-8"?>
<testng-results skipped="0" failed="0" ignored="1" total="3" passed="2">
  <reporter-output>
  </reporter-output>
  <suite name="All Test Suite" duration-ms="95449" started-at="2021-06-15T22:01:23 IST" finished-at="2021-06-15T22:02:58 IST">
    <groups>
    </groups>
    <test name="C:/Users/kalam/IdeaProjects/TPCIndiaAutomationProject/src/test/java/com/bridgelabz/tpcindia/test/TPCIndiaTest.java" duration-ms="95449" started-at="2021-06-15T22:01:23 IST" finished-at="2021-06-15T22:02:58 IST">
      <class name="com.bridgelabz.tpcindia.test.TPCIndiaTest">
        <test-method status="PASS" signature="setUp(java.lang.String)[pri:0, instance:com.bridgelabz.tpcindia.test.TPCIndiaTest@346939bf]" name="setUp" is-config="true" duration-ms="85518" started-at="2021-06-15T22:01:23 IST" finished-at="2021-06-15T22:02:48 IST">
          <params>
            <param index="0">
              <value>
                <![CDATA[firefox]]>
              </value>
            </param>
          </params>
          <reporter-output>
          </reporter-output>
        </test-method> <!-- setUp -->
        <test-method status="PASS" signature="startTest()[pri:0, instance:com.bridgelabz.tpcindia.test.TPCIndiaTest@346939bf]" name="startTest" is-config="true" duration-ms="8" started-at="2021-06-15T22:02:48 IST" finished-at="2021-06-15T22:02:48 IST">
          <reporter-output>
          </reporter-output>
        </test-method> <!-- startTest -->
        <test-method status="PASS" signature="whenTryToTrackWithoutNumber_DisplayAlert_ShouldBeHandle()[pri:1, instance:com.bridgelabz.tpcindia.test.TPCIndiaTest@346939bf]" name="whenTryToTrackWithoutNumber_DisplayAlert_ShouldBeHandle" duration-ms="5444" started-at="2021-06-15T22:02:49 IST" finished-at="2021-06-15T22:02:54 IST">
          <reporter-output>
          </reporter-output>
        </test-method> <!-- whenTryToTrackWithoutNumber_DisplayAlert_ShouldBeHandle -->
        <test-method status="PASS" signature="whenClickLoginButton_DisplayAlter_ShouldBeHandled()[pri:2, instance:com.bridgelabz.tpcindia.test.TPCIndiaTest@346939bf]" name="whenClickLoginButton_DisplayAlter_ShouldBeHandled" duration-ms="2745" started-at="2021-06-15T22:02:54 IST" finished-at="2021-06-15T22:02:57 IST">
          <reporter-output>
          </reporter-output>
        </test-method> <!-- whenClickLoginButton_DisplayAlter_ShouldBeHandled -->
        <test-method status="PASS" signature="endTest()[pri:0, instance:com.bridgelabz.tpcindia.test.TPCIndiaTest@346939bf]" name="endTest" is-config="true" duration-ms="1023" started-at="2021-06-15T22:02:57 IST" finished-at="2021-06-15T22:02:58 IST">
          <reporter-output>
          </reporter-output>
        </test-method> <!-- endTest -->
        <test-method status="FAIL" signature="tearDown()[pri:0, instance:com.bridgelabz.tpcindia.test.TPCIndiaTest@346939bf]" name="tearDown" is-config="true" duration-ms="225" started-at="2021-06-15T22:02:58 IST" finished-at="2021-06-15T22:02:58 IST">
          <exception class="java.lang.NoClassDefFoundError">
            <message>
              <![CDATA[org/apache/commons/collections4/ListValuedMap]]>
            </message>
            <full-stacktrace>
              <![CDATA[java.lang.NoClassDefFoundError: org/apache/commons/collections4/ListValuedMap
at org.automationtesting.excelreport.Xl.generateReport(Xl.java:60)
at com.bridgelabz.tpcindia.utility.Utility.generateExcelReport(Utility.java:40)
at com.bridgelabz.tpcindia.base.Base.tearDown(Base.java:54)
at sun.reflect.NativeMethodAccessorImpl.invoke0(Native Method)
at sun.reflect.NativeMethodAccessorImpl.invoke(NativeMethodAccessorImpl.java:62)
at sun.reflect.DelegatingMethodAccessorImpl.invoke(DelegatingMethodAccessorImpl.java:43)
at java.lang.reflect.Method.invoke(Method.java:498)
at org.testng.internal.MethodInvocationHelper.invokeMethod(MethodInvocationHelper.java:134)
at org.testng.internal.MethodInvocationHelper.invokeMethodConsideringTimeout(MethodInvocationHelper.java:63)
at org.testng.internal.ConfigInvoker.invokeConfigurationMethod(ConfigInvoker.java:348)
at org.testng.internal.ConfigInvoker.invokeConfigurations(ConfigInvoker.java:302)
at org.testng.TestRunner.invokeTestConfigurations(TestRunner.java:619)
at org.testng.TestRunner.afterRun(TestRunner.java:849)
at org.testng.TestRunner.run(TestRunner.java:590)
at org.testng.SuiteRunner.runTest(SuiteRunner.java:384)
at org.testng.SuiteRunner.runSequentially(SuiteRunner.java:378)
at org.testng.SuiteRunner.privateRun(SuiteRunner.java:337)
at org.testng.SuiteRunner.run(SuiteRunner.java:286)
at org.testng.SuiteRunnerWorker.runSuite(SuiteRunnerWorker.java:53)
at org.testng.SuiteRunnerWorker.run(SuiteRunnerWorker.java:96)
at org.testng.TestNG.runSuitesSequentially(TestNG.java:1187)
at org.testng.TestNG.runSuitesLocally(TestNG.java:1109)
at org.testng.TestNG.runSuites(TestNG.java:1039)
at org.testng.TestNG.run(TestNG.java:1007)
at com.intellij.rt.testng.IDEARemoteTestNG.run(IDEARemoteTestNG.java:66)
at com.intellij.rt.testng.RemoteTestNGStarter.main(RemoteTestNGStarter.java:109)
Caused by: java.lang.ClassNotFoundException: org.apache.commons.collections4.ListValuedMap
at java.net.URLClassLoader.findClass(URLClassLoader.java:382)
at java.lang.ClassLoader.loadClass(ClassLoader.java:418)
at sun.misc.Launcher$AppClassLoader.loadClass(Launcher.java:355)
at java.lang.ClassLoader.loadClass(ClassLoader.java:351)
... 26 more
]]>
            </full-stacktrace>
          </exception> <!-- java.lang.NoClassDefFoundError -->
          <reporter-output>
          </reporter-output>
        </test-method> <!-- tearDown -->
      </class> <!-- com.bridgelabz.tpcindia.test.TPCIndiaTest -->
    </test> <!-- C:/Users/kalam/IdeaProjects/TPCIndiaAutomationProject/src/test/java/com/bridgelabz/tpcindia/test/TPCIndiaTest.java -->
  </suite> <!-- All Test Suite -->
</testng-results>
